{"C:\\Users\\PC\\Documents\\Platzi-Master\\Cursos\\Curso de Jest con React\\jsbase\\src\\index.js": {"path":"C:\\Users\\PC\\Documents\\Platzi-Master\\Cursos\\Curso de Jest con React\\jsbase\\src\\index.js","statementMap":{"0":{"start":{"line":1,"column":15},"end":{"line":1,"column":62}},"1":{"start":{"line":3,"column":19},"end":{"line":5,"column":1}},"2":{"start":{"line":4,"column":1},"end":{"line":4,"column":58}},"3":{"start":{"line":7,"column":23},"end":{"line":14,"column":1}},"4":{"start":{"line":8,"column":1},"end":{"line":13,"column":4}},"5":{"start":{"line":9,"column":2},"end":{"line":11,"column":3}},"6":{"start":{"line":10,"column":3},"end":{"line":10,"column":26}},"7":{"start":{"line":12,"column":2},"end":{"line":12,"column":47}},"8":{"start":{"line":16,"column":0},"end":{"line":16,"column":28}}},"fnMap":{"0":{"name":"(anonymous_0)","decl":{"start":{"line":3,"column":19},"end":{"line":3,"column":20}},"loc":{"start":{"line":3,"column":25},"end":{"line":5,"column":1}},"line":3},"1":{"name":"(anonymous_1)","decl":{"start":{"line":7,"column":23},"end":{"line":7,"column":24}},"loc":{"start":{"line":7,"column":35},"end":{"line":14,"column":1}},"line":7},"2":{"name":"(anonymous_2)","decl":{"start":{"line":8,"column":20},"end":{"line":8,"column":21}},"loc":{"start":{"line":8,"column":41},"end":{"line":13,"column":2}},"line":8}},"branchMap":{"0":{"loc":{"start":{"line":9,"column":2},"end":{"line":11,"column":3}},"type":"if","locations":[{"start":{"line":9,"column":2},"end":{"line":11,"column":3}},{"start":{"line":9,"column":2},"end":{"line":11,"column":3}}],"line":9}},"s":{"0":1,"1":1,"2":2,"3":1,"4":0,"5":0,"6":0,"7":0,"8":1},"f":{"0":2,"1":0,"2":0},"b":{"0":[0,0]},"_coverageSchema":"1a1c01bbd47fc00a2c39e90264f33305004495a9","hash":"0ae6a4962ea4b7144342a0e5b9625517eb90311c"}
}
